Case #1: 15 25
Case #2: 0 0
Case #3: 81 567
Case #4: 181 244
Case #5: 0 0
Case #6: 5000000 5000000
Case #7: 10000 9990000
Case #8: 3775 11300
Case #9: 8165 12520
Case #10: 13369 17189
Case #11: 9901 19267
Case #12: 14853 34998
Case #13: 16216 37356
Case #14: 14381 35660
Case #15: 25153 59176
Case #16: 13629 58841
Case #17: 23108 59245
Case #18: 23838 70826
Case #19: 26493 63640
Case #20: 24968 66097
Case #21: 38348 77191
Case #22: 33591 103086
Case #23: 33999 98748
Case #24: 33020 68167
Case #25: 27415 87923
Case #26: 35147 84707
Case #27: 30729 113269
Case #28: 22982 107415
Case #29: 30268 103996
Case #30: 30277 105000
Case #31: 49195 124265
Case #32: 46157 121222
Case #33: 48314 118264
Case #34: 51321 132164
Case #35: 54299 175197
Case #36: 52234 139966
Case #37: 51809 177786
Case #38: 78693 165836
Case #39: 44946 116804
Case #40: 56770 171010
Case #41: 53553 182620
Case #42: 46765 164883
Case #43: 72772 177073
Case #44: 69283 206664
Case #45: 57779 194397
Case #46: 78024 201174
Case #47: 61606 242025
Case #48: 79748 208475
Case #49: 67776 183733
Case #50: 59014 226751
Case #51: 89219 246610
Case #52: 89279 235490
Case #53: 85007 236779
Case #54: 1678692 4938849
Case #55: 1715549 5128062
Case #56: 1705798 4991558
Case #57: 1665776 5092184
Case #58: 1655999 5085505
Case #59: 1632836 4979542
Case #60: 1631515 4996870
Case #61: 1587660 4910634
Case #62: 1645123 4892792
Case #63: 1680037 5102458
Case #64: 1692369 4895582
Case #65: 1643907 4938049
Case #66: 1735477 5041378
Case #67: 1645984 4899390
Case #68: 1720817 4945922
Case #69: 1671519 4953891
Case #70: 1674845 5035674
Case #71: 1634921 5058793
Case #72: 1581456 5014566
Case #73: 1677984 4981860
Case #74: 1611466 5027041
Case #75: 1705479 4969798
Case #76: 1657122 5011736
Case #77: 1609527 4964350
Case #78: 1687793 4726340
Case #79: 1641030 5025340
Case #80: 1605429 4924909
Case #81: 1652045 5171292
Case #82: 1695227 5004263
Case #83: 1669201 5021161
Case #84: 1626813 4807010
Case #85: 1621450 5066041
Case #86: 1710897 4979228
Case #87: 1670052 4943213
Case #88: 1672415 4987872
Case #89: 1717335 4923305
Case #90: 1703114 5172191
Case #91: 1679828 5078714
Case #92: 1619084 5036304
Case #93: 1647754 4937978
Case #94: 1655727 5077494
Case #95: 1646183 5040595
Case #96: 1662572 4885213
Case #97: 1652839 5045504
Case #98: 1660132 4903109
Case #99: 1721202 5048846
Case #100: 1640327 4932946
