Case #1: 15 25
Case #2: 0 0
Case #3: 81 567
Case #4: 181 244
Case #5: 0 0
Case #6: 500 500
Case #7: 100 900
Case #8: 21 44
Case #9: 72 130
Case #10: 91 227
Case #11: 126 236
Case #12: 118 358
Case #13: 185 331
Case #14: 167 415
Case #15: 113 360
Case #16: 156 343
Case #17: 107 269
Case #18: 165 465
Case #19: 197 526
Case #20: 172 424
Case #21: 146 344
Case #22: 143 394
Case #23: 213 351
Case #24: 101 365
Case #25: 96 542
Case #26: 141 467
Case #27: 115 454
Case #28: 209 421
Case #29: 220 384
Case #30: 162 394
Case #31: 96 311
Case #32: 253 471
Case #33: 108 303
Case #34: 183 439
Case #35: 201 405
Case #36: 134 395
Case #37: 200 389
Case #38: 114 239
Case #39: 54 280
Case #40: 195 365
Case #41: 140 308
Case #42: 116 316
Case #43: 98 323
Case #44: 197 392
Case #45: 131 264
Case #46: 206 384
Case #47: 169 571
Case #48: 140 522
Case #49: 108 309
Case #50: 153 408
Case #51: 188 403
Case #52: 227 333
Case #53: 117 380
Case #54: 156 391
Case #55: 184 359
Case #56: 151 338
Case #57: 185 448
Case #58: 156 492
Case #59: 176 323
Case #60: 228 425
Case #61: 173 489
Case #62: 160 358
Case #63: 107 372
Case #64: 147 456
Case #65: 246 354
Case #66: 103 332
Case #67: 123 471
Case #68: 179 272
Case #69: 207 367
Case #70: 143 341
Case #71: 122 291
Case #72: 60 207
Case #73: 79 216
Case #74: 124 415
Case #75: 148 328
Case #76: 113 408
Case #77: 130 398
Case #78: 174 322
Case #79: 186 448
Case #80: 113 300
Case #81: 161 498
Case #82: 226 493
Case #83: 166 396
Case #84: 243 390
Case #85: 181 454
Case #86: 171 391
Case #87: 160 449
Case #88: 47 298
Case #89: 91 251
Case #90: 135 254
Case #91: 155 277
Case #92: 183 441
Case #93: 128 358
Case #94: 91 296
Case #95: 157 404
Case #96: 76 155
Case #97: 144 337
Case #98: 156 413
Case #99: 204 401
Case #100: 148 357
