Case #1:
****.
.....
....c

Case #2:
**...
*...c

Case #3:
*
*
c

Case #4:
*.
..
..
..
.c

Case #5:
*****
****.
.....
.....
....c

Case #6:
..
.c

Case #7:
****.
.....
.....
....c

Case #8:
*
*
.
.
c

Case #9:
Impossible
Case #10:
...
...
...
..c

Case #11:
*c

Case #12:
.c

Case #13:
Impossible
Case #14:
***
...
..c

Case #15:
Impossible
Case #16:
Impossible
Case #17:
Impossible
Case #18:
Impossible
Case #19:
*****
*****
*****
*....
*...c

Case #20:
***.
....
....
...c

Case #21:
**
**
*.
..
.c

Case #22:
*..
...
...
...
..c

Case #23:
*..c

Case #24:
**
**
..
..
.c

Case #25:
Impossible
Case #26:
.....
.....
....c

Case #27:
Impossible
Case #28:
Impossible
Case #29:
Impossible
Case #30:
***
***
*..
*.c

Case #31:
*
*
*
.
c

Case #32:
.
.
c

Case #33:
**.
...
...
..c

Case #34:
****.
.....
.....
.....
....c

Case #35:
*..
...
...
..c

Case #36:
*
.
.
c

Case #37:
Impossible
Case #38:
*****
.....
.....
.....
....c

Case #39:
*****
*****
*****
**...
**..c

Case #40:
Impossible
Case #41:
Impossible
Case #42:
*****
*****
*....
*...c

Case #43:
Impossible
Case #44:
Impossible
Case #45:
**..
....
...c

Case #46:
Impossible
Case #47:
Impossible
Case #48:
Impossible
Case #49:
Impossible
Case #50:
....
....
....
....
...c

Case #51:
*****
*****
.....
....c

Case #52:
*..
*.c

Case #53:
..
..
..
..
.c

Case #54:
*
c

Case #55:
*
*
*
*
c

Case #56:
*****
*****
***..
.....
....c

Case #57:
****
****
**..
**.c

Case #58:
...
...
...
...
..c

Case #59:
Impossible
Case #60:
***
...
...
...
..c

Case #61:
*****
*****
*****
***..
***.c

Case #62:
*****
**...
.....
.....
....c

Case #63:
**...
.....
....c

Case #64:
.
c

Case #65:
Impossible
Case #66:
Impossible
Case #67:
c

Case #68:
*....
....c

Case #69:
****
****
**..
....
...c

Case #70:
Impossible
Case #71:
....
....
...c

Case #72:
..c

Case #73:
*
.
.
.
c

Case #74:
***
**.
...
...
..c

Case #75:
*.
..
..
.c

Case #76:
*****
.....
....c

Case #77:
**..c

Case #78:
***
***
*..
...
..c

Case #79:
****c

Case #80:
Impossible
Case #81:
Impossible
Case #82:
...
..c

Case #83:
**
*.
..
..
.c

Case #84:
**...
.....
.....
.....
....c

Case #85:
Impossible
Case #86:
Impossible
Case #87:
Impossible
Case #88:
***
*..
*.c

Case #89:
*****
*****
*....
.....
....c

Case #90:
*****
***..
.....
....c

Case #91:
*....
.....
.....
.....
....c

Case #92:
**..
*..c

Case #93:
Impossible
Case #94:
.....
.....
.....
....c

Case #95:
Impossible
Case #96:
Impossible
Case #97:
**.c

Case #98:
*****
**...
**..c

Case #99:
*..
..c

Case #100:
***.c

Case #101:
*
.
c

Case #102:
Impossible
Case #103:
**..
....
....
....
...c

Case #104:
***
***
***
...
..c

Case #105:
***
***
...
..c

Case #106:
*...
....
...c

Case #107:
*****
***..
***.c

Case #108:
*...
....
....
...c

Case #109:
Impossible
Case #110:
Impossible
Case #111:
.
.
.
c

Case #112:
..
..
.c

Case #113:
**c

Case #114:
Impossible
Case #115:
....
...c

Case #116:
Impossible
Case #117:
Impossible
Case #118:
*....
*...c

Case #119:
****
****
****
**..
**.c

Case #120:
Impossible
Case #121:
...c

Case #122:
**
*.
..
.c

Case #123:
Impossible
Case #124:
***
*..
...
..c

Case #125:
**
**
**
..
.c

Case #126:
****
****
****
....
...c

Case #127:
**..
**.c

Case #128:
****
****
....
...c

Case #129:
Impossible
Case #130:
***
***
***
*..
*.c

Case #131:
***..
**..c

Case #132:
**
..
..
..
.c

Case #133:
****
****
....
....
...c

Case #134:
.....
....c

Case #135:
Impossible
Case #136:
Impossible
Case #137:
Impossible
Case #138:
**.
...
...
...
..c

Case #139:
Impossible
Case #140:
Impossible
Case #141:
Impossible
Case #142:
***c

Case #143:
*..
...
..c

Case #144:
Impossible
Case #145:
**..
....
....
...c

Case #146:
***
*..
...
...
..c

Case #147:
****
**..
**.c

Case #148:
*.
..
.c

Case #149:
****
*...
*..c

Case #150:
.
.
.
.
c

Case #151:
*....
.....
....c

Case #152:
***
...
...
..c

Case #153:
Impossible
Case #154:
Impossible
Case #155:
*****
*****
*****
.....
....c

Case #156:
*.c

Case #157:
***..
.....
.....
.....
....c

Case #158:
Impossible
Case #159:
Impossible
Case #160:
Impossible
Case #161:
Impossible
Case #162:
Impossible
Case #163:
****
****
*...
*..c

Case #164:
Impossible
Case #165:
****
....
....
....
...c

Case #166:
Impossible
Case #167:
**.
...
..c

Case #168:
***..
.....
....c

Case #169:
*...
*..c

Case #170:
Impossible
Case #171:
*****
*****
***..
***.c

Case #172:
*...
...c

Case #173:
..
..
..
.c

Case #174:
Impossible
Case #175:
****
**..
....
...c

Case #176:
Impossible
Case #177:
*****
*....
.....
....c

Case #178:
Impossible
Case #179:
Impossible
Case #180:
Impossible
Case #181:
*
*
.
c

Case #182:
Impossible
Case #183:
Impossible
Case #184:
****
....
...c

Case #185:
Impossible
Case #186:
***..
.....
.....
....c

Case #187:
Impossible
Case #188:
*****
*****
**...
**..c

Case #189:
Impossible
Case #190:
Impossible
Case #191:
****
....
....
...c

Case #192:
*....
.....
.....
....c

Case #193:
Impossible
Case #194:
***..
***.c

Case #195:
*****
*....
*...c

Case #196:
**...
.....
.....
....c

Case #197:
Impossible
Case #198:
Impossible
Case #199:
Impossible
Case #200:
*****
.....
.....
....c

Case #201:
Impossible
Case #202:
***.
....
...c

Case #203:
*
*
*
c

Case #204:
*...c

Case #205:
***.
....
....
....
...c

Case #206:
.....
.....
.....
.....
....c

Case #207:
Impossible
Case #208:
**
..
.c

Case #209:
Impossible
Case #210:
****
*...
....
....
...c

Case #211:
**
**
..
.c

Case #212:
Impossible
Case #213:
...
...
..c

Case #214:
*...
....
....
....
...c

Case #215:
**...
**..c

Case #216:
....
....
....
...c

Case #217:
Impossible
Case #218:
Impossible
Case #219:
****
****
****
*...
*..c

Case #220:
Impossible
Case #221:
Impossible
Case #222:
**
..
..
.c

Case #223:
Impossible
Case #224:
....c

Case #225:
****
**..
....
....
...c

