Case #1: 3 0
Case #2: 0 0
Case #3: 9 3
Case #4: 10 4
Case #5: 7 4
Case #6: 2 1
Case #7: 7 2
Case #8: 0 0
Case #9: 4 0
Case #10: 0 0
Case #11: 0 0
Case #12: 8 3
Case #13: 4 3
Case #14: 8 2
Case #15: 0 0
Case #16: 1 1
Case #17: 0 0
Case #18: 10 10
Case #19: 6 0
Case #20: 10 2
Case #21: 8 2
Case #22: 6 1
Case #23: 0 0
Case #24: 3 3
Case #25: 10 10
Case #26: 8 2
Case #27: 0 0
Case #28: 7 4
Case #29: 10 5
Case #30: 8 5
Case #31: 6 3
Case #32: 7 1
Case #33: 1 1
Case #34: 8 2
Case #35: 6 2
Case #36: 10 4
Case #37: 7 2
Case #38: 0 0
Case #39: 0 0
Case #40: 0 0
Case #41: 10 10
Case #42: 7 3
Case #43: 10 10
Case #44: 7 1
Case #45: 10 10
Case #46: 2 2
Case #47: 7 1
Case #48: 4 2
Case #49: 7 1
Case #50: 9 3
